{"C:\\Users\\alice\\Desktop\\ubc\\cpen321\\calendar-local\\models\\user.js": {"path":"C:\\Users\\alice\\Desktop\\ubc\\cpen321\\calendar-local\\models\\user.js","statementMap":{"0":{"start":{"line":1,"column":9},"end":{"line":1,"column":42}},"1":{"start":{"line":2,"column":16},"end":{"line":2,"column":49}},"2":{"start":{"line":5,"column":13},"end":{"line":5,"column":68}},"3":{"start":{"line":7,"column":1},"end":{"line":15,"column":3}},"4":{"start":{"line":9,"column":2},"end":{"line":10,"column":41}},"5":{"start":{"line":10,"column":3},"end":{"line":10,"column":41}},"6":{"start":{"line":11,"column":2},"end":{"line":11,"column":19}},"7":{"start":{"line":14,"column":2},"end":{"line":14,"column":12}},"8":{"start":{"line":19,"column":13},"end":{"line":19,"column":91}},"9":{"start":{"line":21,"column":14},"end":{"line":24,"column":3}},"10":{"start":{"line":23,"column":2},"end":{"line":23,"column":12}},"11":{"start":{"line":26,"column":1},"end":{"line":27,"column":25}},"12":{"start":{"line":27,"column":2},"end":{"line":27,"column":25}},"13":{"start":{"line":31,"column":19},"end":{"line":31,"column":36}},"14":{"start":{"line":32,"column":18},"end":{"line":32,"column":37}},"15":{"start":{"line":33,"column":1},"end":{"line":33,"column":39}},"16":{"start":{"line":34,"column":17},"end":{"line":34,"column":87}},"17":{"start":{"line":36,"column":22},"end":{"line":36,"column":42}},"18":{"start":{"line":37,"column":21},"end":{"line":37,"column":43}},"19":{"start":{"line":38,"column":1},"end":{"line":38,"column":45}},"20":{"start":{"line":39,"column":20},"end":{"line":39,"column":99}},"21":{"start":{"line":41,"column":18},"end":{"line":44,"column":3}},"22":{"start":{"line":43,"column":2},"end":{"line":43,"column":12}},"23":{"start":{"line":46,"column":21},"end":{"line":49,"column":3}},"24":{"start":{"line":48,"column":2},"end":{"line":48,"column":12}},"25":{"start":{"line":51,"column":1},"end":{"line":51,"column":28}},"26":{"start":{"line":55,"column":17},"end":{"line":55,"column":67}},"27":{"start":{"line":56,"column":20},"end":{"line":56,"column":73}},"28":{"start":{"line":58,"column":1},"end":{"line":74,"column":3}},"29":{"start":{"line":60,"column":2},"end":{"line":63,"column":3}},"30":{"start":{"line":62,"column":3},"end":{"line":62,"column":37}},"31":{"start":{"line":64,"column":2},"end":{"line":64,"column":37}},"32":{"start":{"line":67,"column":2},"end":{"line":70,"column":3}},"33":{"start":{"line":69,"column":3},"end":{"line":69,"column":47}},"34":{"start":{"line":73,"column":2},"end":{"line":73,"column":12}},"35":{"start":{"line":78,"column":13},"end":{"line":78,"column":67}},"36":{"start":{"line":80,"column":14},"end":{"line":83,"column":3}},"37":{"start":{"line":82,"column":2},"end":{"line":82,"column":12}},"38":{"start":{"line":85,"column":1},"end":{"line":87,"column":2}},"39":{"start":{"line":86,"column":2},"end":{"line":86,"column":37}},"40":{"start":{"line":88,"column":1},"end":{"line":88,"column":18}},"41":{"start":{"line":92,"column":1},"end":{"line":103,"column":2}},"42":{"start":{"line":93,"column":14},"end":{"line":93,"column":100}},"43":{"start":{"line":95,"column":15},"end":{"line":98,"column":4}},"44":{"start":{"line":97,"column":3},"end":{"line":97,"column":13}},"45":{"start":{"line":100,"column":2},"end":{"line":102,"column":3}},"46":{"start":{"line":101,"column":3},"end":{"line":101,"column":60}},"47":{"start":{"line":109,"column":14},"end":{"line":109,"column":27}},"48":{"start":{"line":110,"column":21},"end":{"line":110,"column":23}},"49":{"start":{"line":112,"column":1},"end":{"line":114,"column":2}},"50":{"start":{"line":113,"column":2},"end":{"line":113,"column":42}},"51":{"start":{"line":116,"column":1},"end":{"line":116,"column":47}},"52":{"start":{"line":117,"column":1},"end":{"line":117,"column":22}},"53":{"start":{"line":121,"column":13},"end":{"line":121,"column":85}},"54":{"start":{"line":122,"column":14},"end":{"line":125,"column":3}},"55":{"start":{"line":124,"column":2},"end":{"line":124,"column":14}},"56":{"start":{"line":127,"column":17},"end":{"line":127,"column":19}},"57":{"start":{"line":128,"column":1},"end":{"line":130,"column":2}},"58":{"start":{"line":129,"column":2},"end":{"line":129,"column":38}},"59":{"start":{"line":132,"column":1},"end":{"line":132,"column":18}},"60":{"start":{"line":136,"column":13},"end":{"line":136,"column":71}},"61":{"start":{"line":137,"column":14},"end":{"line":140,"column":3}},"62":{"start":{"line":139,"column":2},"end":{"line":139,"column":14}},"63":{"start":{"line":142,"column":18},"end":{"line":142,"column":20}},"64":{"start":{"line":143,"column":1},"end":{"line":145,"column":2}},"65":{"start":{"line":144,"column":2},"end":{"line":144,"column":36}},"66":{"start":{"line":147,"column":1},"end":{"line":147,"column":19}},"67":{"start":{"line":151,"column":13},"end":{"line":151,"column":80}},"68":{"start":{"line":152,"column":14},"end":{"line":155,"column":3}},"69":{"start":{"line":154,"column":2},"end":{"line":154,"column":14}},"70":{"start":{"line":156,"column":1},"end":{"line":158,"column":2}},"71":{"start":{"line":157,"column":2},"end":{"line":157,"column":53}},"72":{"start":{"line":161,"column":0},"end":{"line":171,"column":1}}},"fnMap":{"0":{"name":"getInfo","decl":{"start":{"line":4,"column":15},"end":{"line":4,"column":22}},"loc":{"start":{"line":4,"column":31},"end":{"line":16,"column":1}},"line":4},"1":{"name":"(anonymous_1)","decl":{"start":{"line":8,"column":9},"end":{"line":8,"column":10}},"loc":{"start":{"line":8,"column":21},"end":{"line":12,"column":2}},"line":8},"2":{"name":"(anonymous_2)","decl":{"start":{"line":13,"column":9},"end":{"line":13,"column":10}},"loc":{"start":{"line":13,"column":18},"end":{"line":15,"column":2}},"line":13},"3":{"name":"updateUser","decl":{"start":{"line":18,"column":15},"end":{"line":18,"column":25}},"loc":{"start":{"line":18,"column":44},"end":{"line":28,"column":1}},"line":18},"4":{"name":"(anonymous_4)","decl":{"start":{"line":22,"column":9},"end":{"line":22,"column":10}},"loc":{"start":{"line":22,"column":18},"end":{"line":24,"column":2}},"line":22},"5":{"name":"createUser","decl":{"start":{"line":30,"column":15},"end":{"line":30,"column":25}},"loc":{"start":{"line":30,"column":42},"end":{"line":52,"column":1}},"line":30},"6":{"name":"(anonymous_6)","decl":{"start":{"line":42,"column":10},"end":{"line":42,"column":11}},"loc":{"start":{"line":42,"column":19},"end":{"line":44,"column":2}},"line":42},"7":{"name":"(anonymous_7)","decl":{"start":{"line":47,"column":10},"end":{"line":47,"column":11}},"loc":{"start":{"line":47,"column":19},"end":{"line":49,"column":2}},"line":47},"8":{"name":"deleteUser","decl":{"start":{"line":54,"column":15},"end":{"line":54,"column":25}},"loc":{"start":{"line":54,"column":35},"end":{"line":75,"column":1}},"line":54},"9":{"name":"(anonymous_9)","decl":{"start":{"line":59,"column":8},"end":{"line":59,"column":9}},"loc":{"start":{"line":59,"column":26},"end":{"line":65,"column":2}},"line":59},"10":{"name":"(anonymous_10)","decl":{"start":{"line":66,"column":8},"end":{"line":66,"column":9}},"loc":{"start":{"line":66,"column":20},"end":{"line":71,"column":2}},"line":66},"11":{"name":"(anonymous_11)","decl":{"start":{"line":72,"column":9},"end":{"line":72,"column":10}},"loc":{"start":{"line":72,"column":18},"end":{"line":74,"column":2}},"line":72},"12":{"name":"getProfile","decl":{"start":{"line":77,"column":15},"end":{"line":77,"column":25}},"loc":{"start":{"line":77,"column":35},"end":{"line":89,"column":1}},"line":77},"13":{"name":"(anonymous_13)","decl":{"start":{"line":81,"column":9},"end":{"line":81,"column":10}},"loc":{"start":{"line":81,"column":18},"end":{"line":83,"column":2}},"line":81},"14":{"name":"modifyProfile","decl":{"start":{"line":91,"column":15},"end":{"line":91,"column":28}},"loc":{"start":{"line":91,"column":46},"end":{"line":104,"column":1}},"line":91},"15":{"name":"(anonymous_15)","decl":{"start":{"line":96,"column":10},"end":{"line":96,"column":11}},"loc":{"start":{"line":96,"column":19},"end":{"line":98,"column":3}},"line":96},"16":{"name":"addQuotation","decl":{"start":{"line":108,"column":9},"end":{"line":108,"column":21}},"loc":{"start":{"line":108,"column":30},"end":{"line":118,"column":1}},"line":108},"17":{"name":"getProjectId","decl":{"start":{"line":120,"column":15},"end":{"line":120,"column":27}},"loc":{"start":{"line":120,"column":36},"end":{"line":133,"column":1}},"line":120},"18":{"name":"(anonymous_18)","decl":{"start":{"line":123,"column":9},"end":{"line":123,"column":10}},"loc":{"start":{"line":123,"column":18},"end":{"line":125,"column":2}},"line":123},"19":{"name":"getInvitation","decl":{"start":{"line":135,"column":15},"end":{"line":135,"column":28}},"loc":{"start":{"line":135,"column":37},"end":{"line":148,"column":1}},"line":135},"20":{"name":"(anonymous_20)","decl":{"start":{"line":138,"column":9},"end":{"line":138,"column":10}},"loc":{"start":{"line":138,"column":18},"end":{"line":140,"column":2}},"line":138},"21":{"name":"emailExist","decl":{"start":{"line":150,"column":15},"end":{"line":150,"column":25}},"loc":{"start":{"line":150,"column":37},"end":{"line":159,"column":1}},"line":150},"22":{"name":"(anonymous_22)","decl":{"start":{"line":153,"column":8},"end":{"line":153,"column":9}},"loc":{"start":{"line":153,"column":17},"end":{"line":155,"column":2}},"line":153}},"branchMap":{"0":{"loc":{"start":{"line":9,"column":2},"end":{"line":10,"column":41}},"type":"if","locations":[{"start":{"line":9,"column":2},"end":{"line":10,"column":41}},{"start":{"line":9,"column":2},"end":{"line":10,"column":41}}],"line":9},"1":{"loc":{"start":{"line":26,"column":1},"end":{"line":27,"column":25}},"type":"if","locations":[{"start":{"line":26,"column":1},"end":{"line":27,"column":25}},{"start":{"line":26,"column":1},"end":{"line":27,"column":25}}],"line":26},"2":{"loc":{"start":{"line":60,"column":2},"end":{"line":63,"column":3}},"type":"if","locations":[{"start":{"line":60,"column":2},"end":{"line":63,"column":3}},{"start":{"line":60,"column":2},"end":{"line":63,"column":3}}],"line":60},"3":{"loc":{"start":{"line":67,"column":2},"end":{"line":70,"column":3}},"type":"if","locations":[{"start":{"line":67,"column":2},"end":{"line":70,"column":3}},{"start":{"line":67,"column":2},"end":{"line":70,"column":3}}],"line":67},"4":{"loc":{"start":{"line":85,"column":1},"end":{"line":87,"column":2}},"type":"if","locations":[{"start":{"line":85,"column":1},"end":{"line":87,"column":2}},{"start":{"line":85,"column":1},"end":{"line":87,"column":2}}],"line":85},"5":{"loc":{"start":{"line":100,"column":2},"end":{"line":102,"column":3}},"type":"if","locations":[{"start":{"line":100,"column":2},"end":{"line":102,"column":3}},{"start":{"line":100,"column":2},"end":{"line":102,"column":3}}],"line":100},"6":{"loc":{"start":{"line":156,"column":1},"end":{"line":158,"column":2}},"type":"if","locations":[{"start":{"line":156,"column":1},"end":{"line":158,"column":2}},{"start":{"line":156,"column":1},"end":{"line":158,"column":2}}],"line":156}},"s":{"0":1,"1":1,"2":3,"3":3,"4":2,"5":1,"6":1,"7":2,"8":3,"9":3,"10":1,"11":2,"12":1,"13":2,"14":2,"15":2,"16":2,"17":2,"18":2,"19":2,"20":2,"21":2,"22":1,"23":1,"24":0,"25":1,"26":4,"27":4,"28":4,"29":3,"30":1,"31":2,"32":2,"33":1,"34":3,"35":3,"36":3,"37":1,"38":2,"39":1,"40":1,"41":3,"42":3,"43":3,"44":1,"45":2,"46":1,"47":4,"48":4,"49":4,"50":2,"51":4,"52":4,"53":3,"54":3,"55":1,"56":2,"57":2,"58":1,"59":2,"60":3,"61":3,"62":1,"63":2,"64":2,"65":1,"66":2,"67":3,"68":3,"69":1,"70":2,"71":1,"72":1},"f":{"0":3,"1":2,"2":2,"3":3,"4":1,"5":2,"6":1,"7":0,"8":4,"9":3,"10":2,"11":3,"12":3,"13":1,"14":3,"15":1,"16":4,"17":3,"18":1,"19":3,"20":1,"21":3,"22":1},"b":{"0":[1,1],"1":[1,1],"2":[1,2],"3":[1,1],"4":[1,1],"5":[1,1],"6":[1,1]},"_coverageSchema":"332fd63041d2c1bcb487cc26dd0d5f7d97098a6c","hash":"b9bf9626a11e749a519d8b1824f88eab462b84be"}
}
