{"C:\\Users\\alice\\Desktop\\ubc\\cpen321\\calendar-local\\app.js": {"path":"C:\\Users\\alice\\Desktop\\ubc\\cpen321\\calendar-local\\app.js","statementMap":{"0":{"start":{"line":1,"column":18},"end":{"line":1,"column":40}},"1":{"start":{"line":2,"column":14},"end":{"line":2,"column":32}},"2":{"start":{"line":3,"column":11},"end":{"line":3,"column":26}},"3":{"start":{"line":4,"column":19},"end":{"line":4,"column":43}},"4":{"start":{"line":5,"column":13},"end":{"line":5,"column":42}},"5":{"start":{"line":6,"column":17},"end":{"line":6,"column":39}},"6":{"start":{"line":7,"column":14},"end":{"line":7,"column":40}},"7":{"start":{"line":8,"column":14},"end":{"line":8,"column":32}},"8":{"start":{"line":12,"column":18},"end":{"line":12,"column":43}},"9":{"start":{"line":15,"column":10},"end":{"line":15,"column":19}},"10":{"start":{"line":16,"column":13},"end":{"line":16,"column":40}},"11":{"start":{"line":18,"column":0},"end":{"line":18,"column":46}},"12":{"start":{"line":19,"column":0},"end":{"line":19,"column":24}},"13":{"start":{"line":20,"column":0},"end":{"line":20,"column":49}},"14":{"start":{"line":21,"column":0},"end":{"line":21,"column":27}},"15":{"start":{"line":22,"column":0},"end":{"line":22,"column":24}},"16":{"start":{"line":24,"column":0},"end":{"line":24,"column":56}},"17":{"start":{"line":25,"column":0},"end":{"line":25,"column":19}},"18":{"start":{"line":27,"column":0},"end":{"line":27,"column":31}},"19":{"start":{"line":30,"column":1},"end":{"line":30,"column":16}},"20":{"start":{"line":33,"column":0},"end":{"line":33,"column":21}},"21":{"start":{"line":34,"column":0},"end":{"line":34,"column":29}}},"fnMap":{"0":{"name":"close","decl":{"start":{"line":29,"column":9},"end":{"line":29,"column":14}},"loc":{"start":{"line":29,"column":17},"end":{"line":31,"column":1}},"line":29}},"branchMap":{},"s":{"0":1,"1":1,"2":1,"3":1,"4":1,"5":1,"6":1,"7":1,"8":1,"9":1,"10":1,"11":1,"12":1,"13":1,"14":1,"15":1,"16":1,"17":1,"18":1,"19":1,"20":1,"21":1},"f":{"0":1},"b":{},"_coverageSchema":"332fd63041d2c1bcb487cc26dd0d5f7d97098a6c","hash":"2a19e881e998af15a493b4a4c6bd1d8c3bbafedc"}
,"C:\\Users\\alice\\Desktop\\ubc\\cpen321\\calendar-local\\controllers\\userController.js": {"path":"C:\\Users\\alice\\Desktop\\ubc\\cpen321\\calendar-local\\controllers\\userController.js","statementMap":{"0":{"start":{"line":1,"column":13},"end":{"line":1,"column":41}},"1":{"start":{"line":2,"column":25},"end":{"line":2,"column":59}},"2":{"start":{"line":6,"column":14},"end":{"line":6,"column":35}},"3":{"start":{"line":7,"column":1},"end":{"line":10,"column":2}},"4":{"start":{"line":8,"column":2},"end":{"line":8,"column":27}},"5":{"start":{"line":9,"column":2},"end":{"line":9,"column":64}},"6":{"start":{"line":14,"column":1},"end":{"line":19,"column":2}},"7":{"start":{"line":15,"column":13},"end":{"line":15,"column":55}},"8":{"start":{"line":16,"column":2},"end":{"line":16,"column":36}},"9":{"start":{"line":18,"column":2},"end":{"line":18,"column":39}},"10":{"start":{"line":23,"column":1},"end":{"line":28,"column":2}},"11":{"start":{"line":24,"column":2},"end":{"line":24,"column":34}},"12":{"start":{"line":25,"column":2},"end":{"line":25,"column":32}},"13":{"start":{"line":27,"column":2},"end":{"line":27,"column":39}},"14":{"start":{"line":32,"column":16},"end":{"line":32,"column":37}},"15":{"start":{"line":33,"column":1},"end":{"line":35,"column":2}},"16":{"start":{"line":34,"column":2},"end":{"line":34,"column":63}},"17":{"start":{"line":37,"column":1},"end":{"line":42,"column":2}},"18":{"start":{"line":38,"column":2},"end":{"line":38,"column":57}},"19":{"start":{"line":39,"column":2},"end":{"line":39,"column":32}},"20":{"start":{"line":41,"column":2},"end":{"line":41,"column":41}},"21":{"start":{"line":46,"column":1},"end":{"line":51,"column":2}},"22":{"start":{"line":47,"column":2},"end":{"line":47,"column":41}},"23":{"start":{"line":48,"column":2},"end":{"line":48,"column":31}},"24":{"start":{"line":50,"column":2},"end":{"line":50,"column":39}},"25":{"start":{"line":59,"column":1},"end":{"line":64,"column":2}},"26":{"start":{"line":60,"column":2},"end":{"line":60,"column":55}},"27":{"start":{"line":61,"column":2},"end":{"line":61,"column":41}},"28":{"start":{"line":63,"column":2},"end":{"line":63,"column":39}},"29":{"start":{"line":68,"column":1},"end":{"line":73,"column":2}},"30":{"start":{"line":69,"column":2},"end":{"line":69,"column":37}},"31":{"start":{"line":70,"column":2},"end":{"line":70,"column":31}},"32":{"start":{"line":72,"column":2},"end":{"line":72,"column":39}},"33":{"start":{"line":76,"column":0},"end":{"line":83,"column":1}}},"fnMap":{"0":{"name":"userInfoGet","decl":{"start":{"line":5,"column":15},"end":{"line":5,"column":26}},"loc":{"start":{"line":5,"column":38},"end":{"line":20,"column":1}},"line":5},"1":{"name":"userUpdate","decl":{"start":{"line":22,"column":15},"end":{"line":22,"column":25}},"loc":{"start":{"line":22,"column":36},"end":{"line":29,"column":1}},"line":22},"2":{"name":"userCreate","decl":{"start":{"line":31,"column":15},"end":{"line":31,"column":25}},"loc":{"start":{"line":31,"column":37},"end":{"line":43,"column":1}},"line":31},"3":{"name":"userDelete","decl":{"start":{"line":45,"column":15},"end":{"line":45,"column":25}},"loc":{"start":{"line":45,"column":37},"end":{"line":52,"column":1}},"line":45},"4":{"name":"profileGet","decl":{"start":{"line":56,"column":15},"end":{"line":56,"column":25}},"loc":{"start":{"line":56,"column":37},"end":{"line":65,"column":1}},"line":56},"5":{"name":"profileUpdate","decl":{"start":{"line":67,"column":15},"end":{"line":67,"column":28}},"loc":{"start":{"line":67,"column":40},"end":{"line":74,"column":1}},"line":67}},"branchMap":{"0":{"loc":{"start":{"line":7,"column":1},"end":{"line":10,"column":2}},"type":"if","locations":[{"start":{"line":7,"column":1},"end":{"line":10,"column":2}},{"start":{"line":7,"column":1},"end":{"line":10,"column":2}}],"line":7},"1":{"loc":{"start":{"line":33,"column":1},"end":{"line":35,"column":2}},"type":"if","locations":[{"start":{"line":33,"column":1},"end":{"line":35,"column":2}},{"start":{"line":33,"column":1},"end":{"line":35,"column":2}}],"line":33}},"s":{"0":1,"1":1,"2":0,"3":0,"4":0,"5":0,"6":0,"7":0,"8":0,"9":0,"10":3,"11":3,"12":1,"13":2,"14":0,"15":0,"16":0,"17":0,"18":0,"19":0,"20":0,"21":0,"22":0,"23":0,"24":0,"25":2,"26":2,"27":1,"28":1,"29":0,"30":0,"31":0,"32":0,"33":1},"f":{"0":0,"1":3,"2":0,"3":0,"4":2,"5":0},"b":{"0":[0,0],"1":[0,0]},"_coverageSchema":"332fd63041d2c1bcb487cc26dd0d5f7d97098a6c","hash":"b0e9de3f89ac1564846d6a6c45c0dfcfc129a504"}
,"C:\\Users\\alice\\Desktop\\ubc\\cpen321\\calendar-local\\middlewares\\validation.js": {"path":"C:\\Users\\alice\\Desktop\\ubc\\cpen321\\calendar-local\\middlewares\\validation.js","statementMap":{"0":{"start":{"line":1,"column":23},"end":{"line":1,"column":57}},"1":{"start":{"line":3,"column":0},"end":{"line":5,"column":1}},"2":{"start":{"line":7,"column":0},"end":{"line":9,"column":1}}},"fnMap":{},"branchMap":{},"s":{"0":1,"1":1,"2":1},"f":{},"b":{},"_coverageSchema":"332fd63041d2c1bcb487cc26dd0d5f7d97098a6c","hash":"e523c632cb94f562789429b21c48916b49992b96"}
,"C:\\Users\\alice\\Desktop\\ubc\\cpen321\\calendar-local\\models\\user.js": {"path":"C:\\Users\\alice\\Desktop\\ubc\\cpen321\\calendar-local\\models\\user.js","statementMap":{"0":{"start":{"line":1,"column":9},"end":{"line":1,"column":42}},"1":{"start":{"line":5,"column":13},"end":{"line":5,"column":68}},"2":{"start":{"line":7,"column":1},"end":{"line":15,"column":3}},"3":{"start":{"line":9,"column":2},"end":{"line":10,"column":50}},"4":{"start":{"line":10,"column":3},"end":{"line":10,"column":50}},"5":{"start":{"line":11,"column":2},"end":{"line":11,"column":19}},"6":{"start":{"line":14,"column":2},"end":{"line":14,"column":12}},"7":{"start":{"line":19,"column":1},"end":{"line":21,"column":2}},"8":{"start":{"line":20,"column":2},"end":{"line":20,"column":28}},"9":{"start":{"line":22,"column":1},"end":{"line":35,"column":2}},"10":{"start":{"line":23,"column":2},"end":{"line":34,"column":3}},"11":{"start":{"line":24,"column":15},"end":{"line":24,"column":100}},"12":{"start":{"line":26,"column":3},"end":{"line":33,"column":5}},"13":{"start":{"line":28,"column":4},"end":{"line":29,"column":28}},"14":{"start":{"line":29,"column":5},"end":{"line":29,"column":28}},"15":{"start":{"line":32,"column":4},"end":{"line":32,"column":14}},"16":{"start":{"line":39,"column":19},"end":{"line":39,"column":36}},"17":{"start":{"line":40,"column":18},"end":{"line":40,"column":37}},"18":{"start":{"line":41,"column":1},"end":{"line":41,"column":39}},"19":{"start":{"line":42,"column":17},"end":{"line":42,"column":87}},"20":{"start":{"line":44,"column":22},"end":{"line":44,"column":42}},"21":{"start":{"line":45,"column":21},"end":{"line":45,"column":43}},"22":{"start":{"line":46,"column":1},"end":{"line":46,"column":45}},"23":{"start":{"line":47,"column":20},"end":{"line":47,"column":99}},"24":{"start":{"line":49,"column":1},"end":{"line":55,"column":3}},"25":{"start":{"line":51,"column":2},"end":{"line":51,"column":31}},"26":{"start":{"line":54,"column":2},"end":{"line":54,"column":12}},"27":{"start":{"line":59,"column":17},"end":{"line":59,"column":67}},"28":{"start":{"line":60,"column":20},"end":{"line":60,"column":73}},"29":{"start":{"line":62,"column":1},"end":{"line":78,"column":3}},"30":{"start":{"line":64,"column":2},"end":{"line":67,"column":3}},"31":{"start":{"line":66,"column":3},"end":{"line":66,"column":37}},"32":{"start":{"line":68,"column":2},"end":{"line":68,"column":37}},"33":{"start":{"line":71,"column":2},"end":{"line":74,"column":3}},"34":{"start":{"line":73,"column":3},"end":{"line":73,"column":47}},"35":{"start":{"line":77,"column":2},"end":{"line":77,"column":12}},"36":{"start":{"line":82,"column":13},"end":{"line":82,"column":67}},"37":{"start":{"line":84,"column":14},"end":{"line":87,"column":8}},"38":{"start":{"line":86,"column":7},"end":{"line":86,"column":17}},"39":{"start":{"line":89,"column":1},"end":{"line":91,"column":2}},"40":{"start":{"line":90,"column":2},"end":{"line":90,"column":37}},"41":{"start":{"line":92,"column":1},"end":{"line":92,"column":18}},"42":{"start":{"line":96,"column":1},"end":{"line":109,"column":2}},"43":{"start":{"line":97,"column":2},"end":{"line":108,"column":3}},"44":{"start":{"line":98,"column":15},"end":{"line":98,"column":109}},"45":{"start":{"line":100,"column":3},"end":{"line":107,"column":5}},"46":{"start":{"line":102,"column":4},"end":{"line":103,"column":28}},"47":{"start":{"line":103,"column":5},"end":{"line":103,"column":28}},"48":{"start":{"line":106,"column":4},"end":{"line":106,"column":14}},"49":{"start":{"line":115,"column":14},"end":{"line":115,"column":27}},"50":{"start":{"line":116,"column":21},"end":{"line":116,"column":23}},"51":{"start":{"line":118,"column":1},"end":{"line":120,"column":2}},"52":{"start":{"line":119,"column":2},"end":{"line":119,"column":42}},"53":{"start":{"line":122,"column":1},"end":{"line":122,"column":47}},"54":{"start":{"line":123,"column":1},"end":{"line":123,"column":22}},"55":{"start":{"line":126,"column":0},"end":{"line":133,"column":1}}},"fnMap":{"0":{"name":"getInfo","decl":{"start":{"line":4,"column":15},"end":{"line":4,"column":22}},"loc":{"start":{"line":4,"column":31},"end":{"line":16,"column":1}},"line":4},"1":{"name":"(anonymous_1)","decl":{"start":{"line":8,"column":9},"end":{"line":8,"column":10}},"loc":{"start":{"line":8,"column":21},"end":{"line":12,"column":2}},"line":8},"2":{"name":"(anonymous_2)","decl":{"start":{"line":13,"column":9},"end":{"line":13,"column":10}},"loc":{"start":{"line":13,"column":18},"end":{"line":15,"column":2}},"line":13},"3":{"name":"updateUser","decl":{"start":{"line":18,"column":15},"end":{"line":18,"column":25}},"loc":{"start":{"line":18,"column":33},"end":{"line":36,"column":1}},"line":18},"4":{"name":"(anonymous_4)","decl":{"start":{"line":27,"column":10},"end":{"line":27,"column":11}},"loc":{"start":{"line":27,"column":22},"end":{"line":30,"column":4}},"line":27},"5":{"name":"(anonymous_5)","decl":{"start":{"line":31,"column":11},"end":{"line":31,"column":12}},"loc":{"start":{"line":31,"column":20},"end":{"line":33,"column":4}},"line":31},"6":{"name":"createUser","decl":{"start":{"line":38,"column":15},"end":{"line":38,"column":25}},"loc":{"start":{"line":38,"column":42},"end":{"line":56,"column":2}},"line":38},"7":{"name":"(anonymous_7)","decl":{"start":{"line":50,"column":9},"end":{"line":50,"column":10}},"loc":{"start":{"line":50,"column":27},"end":{"line":52,"column":2}},"line":50},"8":{"name":"(anonymous_8)","decl":{"start":{"line":53,"column":10},"end":{"line":53,"column":11}},"loc":{"start":{"line":53,"column":19},"end":{"line":55,"column":2}},"line":53},"9":{"name":"deleteUser","decl":{"start":{"line":58,"column":15},"end":{"line":58,"column":25}},"loc":{"start":{"line":58,"column":35},"end":{"line":79,"column":1}},"line":58},"10":{"name":"(anonymous_10)","decl":{"start":{"line":63,"column":8},"end":{"line":63,"column":9}},"loc":{"start":{"line":63,"column":26},"end":{"line":69,"column":2}},"line":63},"11":{"name":"(anonymous_11)","decl":{"start":{"line":70,"column":8},"end":{"line":70,"column":9}},"loc":{"start":{"line":70,"column":20},"end":{"line":75,"column":2}},"line":70},"12":{"name":"(anonymous_12)","decl":{"start":{"line":76,"column":9},"end":{"line":76,"column":10}},"loc":{"start":{"line":76,"column":18},"end":{"line":78,"column":2}},"line":76},"13":{"name":"getProfile","decl":{"start":{"line":81,"column":15},"end":{"line":81,"column":25}},"loc":{"start":{"line":81,"column":35},"end":{"line":93,"column":1}},"line":81},"14":{"name":"(anonymous_14)","decl":{"start":{"line":85,"column":14},"end":{"line":85,"column":15}},"loc":{"start":{"line":85,"column":23},"end":{"line":87,"column":7}},"line":85},"15":{"name":"updateProfile","decl":{"start":{"line":95,"column":15},"end":{"line":95,"column":28}},"loc":{"start":{"line":95,"column":38},"end":{"line":110,"column":1}},"line":95},"16":{"name":"(anonymous_16)","decl":{"start":{"line":101,"column":10},"end":{"line":101,"column":11}},"loc":{"start":{"line":101,"column":22},"end":{"line":104,"column":4}},"line":101},"17":{"name":"(anonymous_17)","decl":{"start":{"line":105,"column":11},"end":{"line":105,"column":12}},"loc":{"start":{"line":105,"column":20},"end":{"line":107,"column":4}},"line":105},"18":{"name":"addQuotation","decl":{"start":{"line":114,"column":9},"end":{"line":114,"column":21}},"loc":{"start":{"line":114,"column":30},"end":{"line":124,"column":1}},"line":114}},"branchMap":{"0":{"loc":{"start":{"line":9,"column":2},"end":{"line":10,"column":50}},"type":"if","locations":[{"start":{"line":9,"column":2},"end":{"line":10,"column":50}},{"start":{"line":9,"column":2},"end":{"line":10,"column":50}}],"line":9},"1":{"loc":{"start":{"line":19,"column":1},"end":{"line":21,"column":2}},"type":"if","locations":[{"start":{"line":19,"column":1},"end":{"line":21,"column":2}},{"start":{"line":19,"column":1},"end":{"line":21,"column":2}}],"line":19},"2":{"loc":{"start":{"line":23,"column":2},"end":{"line":34,"column":3}},"type":"if","locations":[{"start":{"line":23,"column":2},"end":{"line":34,"column":3}},{"start":{"line":23,"column":2},"end":{"line":34,"column":3}}],"line":23},"3":{"loc":{"start":{"line":28,"column":4},"end":{"line":29,"column":28}},"type":"if","locations":[{"start":{"line":28,"column":4},"end":{"line":29,"column":28}},{"start":{"line":28,"column":4},"end":{"line":29,"column":28}}],"line":28},"4":{"loc":{"start":{"line":64,"column":2},"end":{"line":67,"column":3}},"type":"if","locations":[{"start":{"line":64,"column":2},"end":{"line":67,"column":3}},{"start":{"line":64,"column":2},"end":{"line":67,"column":3}}],"line":64},"5":{"loc":{"start":{"line":71,"column":2},"end":{"line":74,"column":3}},"type":"if","locations":[{"start":{"line":71,"column":2},"end":{"line":74,"column":3}},{"start":{"line":71,"column":2},"end":{"line":74,"column":3}}],"line":71},"6":{"loc":{"start":{"line":89,"column":1},"end":{"line":91,"column":2}},"type":"if","locations":[{"start":{"line":89,"column":1},"end":{"line":91,"column":2}},{"start":{"line":89,"column":1},"end":{"line":91,"column":2}}],"line":89},"7":{"loc":{"start":{"line":97,"column":2},"end":{"line":108,"column":3}},"type":"if","locations":[{"start":{"line":97,"column":2},"end":{"line":108,"column":3}},{"start":{"line":97,"column":2},"end":{"line":108,"column":3}}],"line":97},"8":{"loc":{"start":{"line":102,"column":4},"end":{"line":103,"column":28}},"type":"if","locations":[{"start":{"line":102,"column":4},"end":{"line":103,"column":28}},{"start":{"line":102,"column":4},"end":{"line":103,"column":28}}],"line":102}},"s":{"0":1,"1":0,"2":0,"3":0,"4":0,"5":0,"6":0,"7":3,"8":0,"9":3,"10":6,"11":3,"12":3,"13":2,"14":1,"15":2,"16":0,"17":0,"18":0,"19":0,"20":0,"21":0,"22":0,"23":0,"24":0,"25":0,"26":0,"27":0,"28":0,"29":0,"30":0,"31":0,"32":0,"33":0,"34":0,"35":0,"36":2,"37":2,"38":0,"39":2,"40":1,"41":1,"42":0,"43":0,"44":0,"45":0,"46":0,"47":0,"48":0,"49":0,"50":0,"51":0,"52":0,"53":0,"54":0,"55":1},"f":{"0":0,"1":0,"2":0,"3":3,"4":2,"5":2,"6":0,"7":0,"8":0,"9":0,"10":0,"11":0,"12":0,"13":2,"14":0,"15":0,"16":0,"17":0,"18":0},"b":{"0":[0,0],"1":[0,3],"2":[3,3],"3":[1,1],"4":[0,0],"5":[0,0],"6":[1,1],"7":[0,0],"8":[0,0]},"_coverageSchema":"332fd63041d2c1bcb487cc26dd0d5f7d97098a6c","hash":"e1111ba21bc3d4b267cc29048c7635423a36dc92"}
,"C:\\Users\\alice\\Desktop\\ubc\\cpen321\\calendar-local\\routes\\users.js": {"path":"C:\\Users\\alice\\Desktop\\ubc\\cpen321\\calendar-local\\routes\\users.js","statementMap":{"0":{"start":{"line":1,"column":14},"end":{"line":1,"column":32}},"1":{"start":{"line":2,"column":13},"end":{"line":2,"column":29}},"2":{"start":{"line":3,"column":17},"end":{"line":3,"column":39}},"3":{"start":{"line":4,"column":21},"end":{"line":4,"column":61}},"4":{"start":{"line":6,"column":16},"end":{"line":6,"column":52}},"5":{"start":{"line":8,"column":0},"end":{"line":9,"column":28}},"6":{"start":{"line":11,"column":0},"end":{"line":19,"column":28}},"7":{"start":{"line":15,"column":2},"end":{"line":15,"column":61}},"8":{"start":{"line":16,"column":2},"end":{"line":16,"column":9}},"9":{"start":{"line":21,"column":0},"end":{"line":22,"column":28}},"10":{"start":{"line":24,"column":0},"end":{"line":25,"column":28}},"11":{"start":{"line":27,"column":0},"end":{"line":28,"column":31}},"12":{"start":{"line":30,"column":0},"end":{"line":30,"column":24}}},"fnMap":{"0":{"name":"(anonymous_0)","decl":{"start":{"line":12,"column":1},"end":{"line":12,"column":2}},"loc":{"start":{"line":12,"column":21},"end":{"line":17,"column":2}},"line":12}},"branchMap":{},"s":{"0":1,"1":1,"2":1,"3":1,"4":1,"5":1,"6":1,"7":0,"8":0,"9":1,"10":1,"11":1,"12":1},"f":{"0":0},"b":{},"_coverageSchema":"332fd63041d2c1bcb487cc26dd0d5f7d97098a6c","hash":"02b36eed1a5797ccc78666530a69d9c012979dd6"}
}
