TN:
SF:C:\Users\alice\Desktop\ubc\cpen321\calendar-local\models\user.js
FN:4,getInfo
FN:8,(anonymous_1)
FN:13,(anonymous_2)
FN:18,updateUser
FN:22,(anonymous_4)
FN:30,createUser
FN:42,(anonymous_6)
FN:47,(anonymous_7)
FN:54,deleteUser
FN:59,(anonymous_9)
FN:66,(anonymous_10)
FN:72,(anonymous_11)
FN:77,getProfile
FN:81,(anonymous_13)
FN:91,modifyProfile
FN:96,(anonymous_15)
FN:108,addQuotation
FN:120,getProjectId
FN:123,(anonymous_18)
FN:135,getInvitation
FN:138,(anonymous_20)
FN:150,emailExist
FN:153,(anonymous_22)
FNF:23
FNH:22
FNDA:3,getInfo
FNDA:2,(anonymous_1)
FNDA:2,(anonymous_2)
FNDA:3,updateUser
FNDA:1,(anonymous_4)
FNDA:2,createUser
FNDA:1,(anonymous_6)
FNDA:0,(anonymous_7)
FNDA:4,deleteUser
FNDA:3,(anonymous_9)
FNDA:2,(anonymous_10)
FNDA:3,(anonymous_11)
FNDA:3,getProfile
FNDA:1,(anonymous_13)
FNDA:3,modifyProfile
FNDA:1,(anonymous_15)
FNDA:4,addQuotation
FNDA:3,getProjectId
FNDA:1,(anonymous_18)
FNDA:3,getInvitation
FNDA:1,(anonymous_20)
FNDA:3,emailExist
FNDA:1,(anonymous_22)
DA:1,1
DA:2,1
DA:5,3
DA:7,3
DA:9,2
DA:10,1
DA:11,1
DA:14,2
DA:19,3
DA:21,3
DA:23,1
DA:26,2
DA:27,1
DA:31,2
DA:32,2
DA:33,2
DA:34,2
DA:36,2
DA:37,2
DA:38,2
DA:39,2
DA:41,2
DA:43,1
DA:46,1
DA:48,0
DA:51,1
DA:55,4
DA:56,4
DA:58,4
DA:60,3
DA:62,1
DA:64,2
DA:67,2
DA:69,1
DA:73,3
DA:78,3
DA:80,3
DA:82,1
DA:85,2
DA:86,1
DA:88,1
DA:92,3
DA:93,3
DA:95,3
DA:97,1
DA:100,2
DA:101,1
DA:109,4
DA:110,4
DA:112,4
DA:113,2
DA:116,4
DA:117,4
DA:121,3
DA:122,3
DA:124,1
DA:127,2
DA:128,2
DA:129,1
DA:132,2
DA:136,3
DA:137,3
DA:139,1
DA:142,2
DA:143,2
DA:144,1
DA:147,2
DA:151,3
DA:152,3
DA:154,1
DA:156,2
DA:157,1
DA:161,1
LF:73
LH:72
BRDA:9,0,0,1
BRDA:9,0,1,1
BRDA:26,1,0,1
BRDA:26,1,1,1
BRDA:60,2,0,1
BRDA:60,2,1,2
BRDA:67,3,0,1
BRDA:67,3,1,1
BRDA:85,4,0,1
BRDA:85,4,1,1
BRDA:100,5,0,1
BRDA:100,5,1,1
BRDA:156,6,0,1
BRDA:156,6,1,1
BRF:14
BRH:14
end_of_record
