TN:
SF:C:\Users\alice\Desktop\ubc\cpen321\calendar-local\app.js
FN:29,close
FNF:1
FNH:1
FNDA:1,close
DA:1,1
DA:2,1
DA:3,1
DA:4,1
DA:5,1
DA:6,1
DA:7,1
DA:8,1
DA:12,1
DA:15,1
DA:16,1
DA:18,1
DA:19,1
DA:20,1
DA:21,1
DA:22,1
DA:24,1
DA:25,1
DA:27,1
DA:30,1
DA:33,1
DA:34,1
LF:22
LH:22
BRF:0
BRH:0
end_of_record
TN:
SF:C:\Users\alice\Desktop\ubc\cpen321\calendar-local\controllers\userController.js
FN:5,userInfoGet
FN:22,userUpdate
FN:31,userCreate
FN:45,userDelete
FN:56,profileGet
FN:67,profileUpdate
FNF:6
FNH:2
FNDA:0,userInfoGet
FNDA:3,userUpdate
FNDA:0,userCreate
FNDA:0,userDelete
FNDA:2,profileGet
FNDA:0,profileUpdate
DA:1,1
DA:2,1
DA:6,0
DA:7,0
DA:8,0
DA:9,0
DA:14,0
DA:15,0
DA:16,0
DA:18,0
DA:23,3
DA:24,3
DA:25,1
DA:27,2
DA:32,0
DA:33,0
DA:34,0
DA:37,0
DA:38,0
DA:39,0
DA:41,0
DA:46,0
DA:47,0
DA:48,0
DA:50,0
DA:59,2
DA:60,2
DA:61,1
DA:63,1
DA:68,0
DA:69,0
DA:70,0
DA:72,0
DA:76,1
LF:34
LH:11
BRDA:7,0,0,0
BRDA:7,0,1,0
BRDA:33,1,0,0
BRDA:33,1,1,0
BRF:4
BRH:0
end_of_record
TN:
SF:C:\Users\alice\Desktop\ubc\cpen321\calendar-local\middlewares\validation.js
FNF:0
FNH:0
DA:1,1
DA:3,1
DA:7,1
LF:3
LH:3
BRF:0
BRH:0
end_of_record
TN:
SF:C:\Users\alice\Desktop\ubc\cpen321\calendar-local\models\user.js
FN:4,getInfo
FN:8,(anonymous_1)
FN:13,(anonymous_2)
FN:18,updateUser
FN:27,(anonymous_4)
FN:31,(anonymous_5)
FN:38,createUser
FN:50,(anonymous_7)
FN:53,(anonymous_8)
FN:58,deleteUser
FN:63,(anonymous_10)
FN:70,(anonymous_11)
FN:76,(anonymous_12)
FN:81,getProfile
FN:85,(anonymous_14)
FN:95,updateProfile
FN:101,(anonymous_16)
FN:105,(anonymous_17)
FN:114,addQuotation
FNF:19
FNH:4
FNDA:0,getInfo
FNDA:0,(anonymous_1)
FNDA:0,(anonymous_2)
FNDA:3,updateUser
FNDA:2,(anonymous_4)
FNDA:2,(anonymous_5)
FNDA:0,createUser
FNDA:0,(anonymous_7)
FNDA:0,(anonymous_8)
FNDA:0,deleteUser
FNDA:0,(anonymous_10)
FNDA:0,(anonymous_11)
FNDA:0,(anonymous_12)
FNDA:2,getProfile
FNDA:0,(anonymous_14)
FNDA:0,updateProfile
FNDA:0,(anonymous_16)
FNDA:0,(anonymous_17)
FNDA:0,addQuotation
DA:1,1
DA:5,0
DA:7,0
DA:9,0
DA:10,0
DA:11,0
DA:14,0
DA:19,3
DA:20,0
DA:22,3
DA:23,6
DA:24,3
DA:26,3
DA:28,2
DA:29,1
DA:32,2
DA:39,0
DA:40,0
DA:41,0
DA:42,0
DA:44,0
DA:45,0
DA:46,0
DA:47,0
DA:49,0
DA:51,0
DA:54,0
DA:59,0
DA:60,0
DA:62,0
DA:64,0
DA:66,0
DA:68,0
DA:71,0
DA:73,0
DA:77,0
DA:82,2
DA:84,2
DA:86,0
DA:89,2
DA:90,1
DA:92,1
DA:96,0
DA:97,0
DA:98,0
DA:100,0
DA:102,0
DA:103,0
DA:106,0
DA:115,0
DA:116,0
DA:118,0
DA:119,0
DA:122,0
DA:123,0
DA:126,1
LF:56
LH:15
BRDA:9,0,0,0
BRDA:9,0,1,0
BRDA:19,1,0,0
BRDA:19,1,1,3
BRDA:23,2,0,3
BRDA:23,2,1,3
BRDA:28,3,0,1
BRDA:28,3,1,1
BRDA:64,4,0,0
BRDA:64,4,1,0
BRDA:71,5,0,0
BRDA:71,5,1,0
BRDA:89,6,0,1
BRDA:89,6,1,1
BRDA:97,7,0,0
BRDA:97,7,1,0
BRDA:102,8,0,0
BRDA:102,8,1,0
BRF:18
BRH:7
end_of_record
TN:
SF:C:\Users\alice\Desktop\ubc\cpen321\calendar-local\routes\users.js
FN:12,(anonymous_0)
FNF:1
FNH:0
FNDA:0,(anonymous_0)
DA:1,1
DA:2,1
DA:3,1
DA:4,1
DA:6,1
DA:8,1
DA:11,1
DA:15,0
DA:16,0
DA:21,1
DA:24,1
DA:27,1
DA:30,1
LF:13
LH:11
BRF:0
BRH:0
end_of_record
